<?xml version="1.0" encoding="UTF-8"?>
<!-- Generated by org.testng.reporters.JUnitXMLReporter -->
<testsuite ignored="0" hostname="DESKTOP-GBUG8HR" failures="0" tests="3" name="Default test" time="5.861" errors="0" timestamp="2024-12-01T16:43:31 GMT-05:00">
  <testcase classname="ApiTest" name="testAllPosts" time="5.499"/>
  <testcase classname="ApiTest" name="testGetRequest" time="0.151"/>
  <testcase classname="ApiTest" name="testPostRequest" time="0.171"/>
</testsuite> <!-- Default test -->
