<?xml version="1.0" encoding="UTF-8"?>
<testng-results ignored="0" total="3" passed="3" failed="0" skipped="0">
  <reporter-output>
  </reporter-output>
  <suite started-at="2024-12-01T16:45:44 GMT-05:00" name="Surefire suite" finished-at="2024-12-01T16:45:46 GMT-05:00" duration-ms="2226">
    <groups>
    </groups>
    <test started-at="2024-12-01T16:45:44 GMT-05:00" name="Surefire test" finished-at="2024-12-01T16:45:46 GMT-05:00" duration-ms="2226">
      <class name="ApiTest">
        <test-method signature="testAllPosts()[pri:0, instance:ApiTest@731f8236]" started-at="2024-12-01T16:45:44 GMT-05:00" name="testAllPosts" finished-at="2024-12-01T16:45:46 GMT-05:00" duration-ms="1988" status="PASS">
          <reporter-output>
          </reporter-output>
        </test-method> <!-- testAllPosts -->
        <test-method signature="testGetRequest()[pri:0, instance:ApiTest@731f8236]" started-at="2024-12-01T16:45:46 GMT-05:00" name="testGetRequest" finished-at="2024-12-01T16:45:46 GMT-05:00" duration-ms="79" status="PASS">
          <reporter-output>
          </reporter-output>
        </test-method> <!-- testGetRequest -->
        <test-method signature="testPostRequest()[pri:0, instance:ApiTest@731f8236]" started-at="2024-12-01T16:45:46 GMT-05:00" name="testPostRequest" finished-at="2024-12-01T16:45:46 GMT-05:00" duration-ms="129" status="PASS">
          <reporter-output>
          </reporter-output>
        </test-method> <!-- testPostRequest -->
      </class> <!-- ApiTest -->
    </test> <!-- Surefire test -->
  </suite> <!-- Surefire suite -->
</testng-results>
