<?xml version="1.0" encoding="UTF-8"?>
<testng-results ignored="0" total="3" passed="3" failed="0" skipped="0">
  <reporter-output>
  </reporter-output>
  <suite started-at="2024-12-01T16:43:25 GMT-05:00" name="Default suite" finished-at="2024-12-01T16:43:31 GMT-05:00" duration-ms="5861">
    <groups>
    </groups>
    <test started-at="2024-12-01T16:43:25 GMT-05:00" name="Default test" finished-at="2024-12-01T16:43:31 GMT-05:00" duration-ms="5861">
      <class name="ApiTest">
        <test-method signature="testAllPosts()[pri:0, instance:ApiTest@6da21078]" started-at="2024-12-01T16:43:25 GMT-05:00" name="testAllPosts" finished-at="2024-12-01T16:43:31 GMT-05:00" duration-ms="5499" status="PASS">
          <reporter-output>
          </reporter-output>
        </test-method> <!-- testAllPosts -->
        <test-method signature="testGetRequest()[pri:0, instance:ApiTest@6da21078]" started-at="2024-12-01T16:43:31 GMT-05:00" name="testGetRequest" finished-at="2024-12-01T16:43:31 GMT-05:00" duration-ms="151" status="PASS">
          <reporter-output>
          </reporter-output>
        </test-method> <!-- testGetRequest -->
        <test-method signature="testPostRequest()[pri:0, instance:ApiTest@6da21078]" started-at="2024-12-01T16:43:31 GMT-05:00" name="testPostRequest" finished-at="2024-12-01T16:43:31 GMT-05:00" duration-ms="171" status="PASS">
          <reporter-output>
          </reporter-output>
        </test-method> <!-- testPostRequest -->
      </class> <!-- ApiTest -->
    </test> <!-- Default test -->
  </suite> <!-- Default suite -->
</testng-results>
