<?xml version="1.0" encoding="UTF-8"?>
<!-- Generated by org.testng.reporters.JUnitXMLReporter -->
<testsuite ignored="0" hostname="DESKTOP-GBUG8HR" failures="0" tests="3" name="Surefire test" time="2.226" errors="0" timestamp="2024-12-01T16:45:46 GMT-05:00">
  <testcase classname="ApiTest" name="testAllPosts" time="1.988"/>
  <testcase classname="ApiTest" name="testGetRequest" time="0.079"/>
  <testcase classname="ApiTest" name="testPostRequest" time="0.129"/>
</testsuite> <!-- Surefire test -->
